{"/Users/fishtv/Development/6-產品/摩托斯MOLTOS/app/api/calm-index/route.ts": {"path":"/Users/fishtv/Development/6-產品/摩托斯MOLTOS/app/api/calm-index/route.ts","all":false,"statementMap":{"13":{"start":{"line":14,"column":0},"end":{"line":14,"column":45}},"14":{"start":{"line":15,"column":0},"end":{"line":15,"column":41}},"15":{"start":{"line":16,"column":0},"end":{"line":16,"column":48}},"16":{"start":{"line":17,"column":0},"end":{"line":17,"column":59}},"17":{"start":{"line":18,"column":0},"end":{"line":18,"column":43}},"18":{"start":{"line":19,"column":0},"end":{"line":19,"column":43}},"19":{"start":{"line":20,"column":0},"end":{"line":20,"column":53}},"21":{"start":{"line":22,"column":0},"end":{"line":22,"column":41}},"23":{"start":{"line":24,"column":0},"end":{"line":24,"column":44}},"24":{"start":{"line":25,"column":0},"end":{"line":25,"column":44}},"25":{"start":{"line":26,"column":0},"end":{"line":26,"column":49}},"26":{"start":{"line":27,"column":0},"end":{"line":27,"column":3}},"29":{"start":{"line":30,"column":0},"end":{"line":30,"column":54}},"32":{"start":{"line":33,"column":0},"end":{"line":33,"column":50}},"33":{"start":{"line":34,"column":0},"end":{"line":34,"column":64}},"34":{"start":{"line":35,"column":0},"end":{"line":35,"column":3}},"36":{"start":{"line":37,"column":0},"end":{"line":37,"column":7}},"38":{"start":{"line":39,"column":0},"end":{"line":39,"column":74}},"41":{"start":{"line":42,"column":0},"end":{"line":42,"column":47}},"44":{"start":{"line":45,"column":0},"end":{"line":45,"column":27}},"45":{"start":{"line":46,"column":0},"end":{"line":46,"column":31}},"46":{"start":{"line":47,"column":0},"end":{"line":47,"column":35}},"47":{"start":{"line":48,"column":0},"end":{"line":48,"column":23}},"48":{"start":{"line":49,"column":0},"end":{"line":49,"column":8}},"49":{"start":{"line":50,"column":0},"end":{"line":50,"column":5}},"52":{"start":{"line":53,"column":0},"end":{"line":53,"column":9}},"53":{"start":{"line":54,"column":0},"end":{"line":54,"column":40}},"54":{"start":{"line":55,"column":0},"end":{"line":55,"column":18}},"55":{"start":{"line":56,"column":0},"end":{"line":56,"column":80}},"56":{"start":{"line":57,"column":0},"end":{"line":57,"column":46}},"57":{"start":{"line":58,"column":0},"end":{"line":58,"column":14}},"58":{"start":{"line":59,"column":0},"end":{"line":59,"column":77}},"59":{"start":{"line":60,"column":0},"end":{"line":60,"column":7}},"60":{"start":{"line":61,"column":0},"end":{"line":61,"column":23}},"61":{"start":{"line":62,"column":0},"end":{"line":62,"column":74}},"62":{"start":{"line":63,"column":0},"end":{"line":63,"column":5}},"65":{"start":{"line":66,"column":0},"end":{"line":66,"column":39}},"66":{"start":{"line":67,"column":0},"end":{"line":67,"column":19}},"68":{"start":{"line":69,"column":0},"end":{"line":69,"column":74}},"69":{"start":{"line":70,"column":0},"end":{"line":70,"column":29}},"70":{"start":{"line":71,"column":0},"end":{"line":71,"column":47}},"71":{"start":{"line":72,"column":0},"end":{"line":72,"column":44}},"72":{"start":{"line":73,"column":0},"end":{"line":73,"column":6}},"73":{"start":{"line":74,"column":0},"end":{"line":74,"column":3}},"74":{"start":{"line":75,"column":0},"end":{"line":75,"column":1}}},"s":{"13":1,"14":1,"15":1,"16":1,"17":1,"18":1,"19":1,"21":7,"23":7,"24":7,"25":1,"26":1,"29":6,"32":7,"33":1,"34":1,"36":5,"38":5,"41":5,"44":7,"45":1,"46":1,"47":1,"48":1,"49":1,"52":4,"53":4,"54":7,"55":4,"56":4,"57":7,"58":0,"59":0,"60":7,"61":3,"62":3,"65":4,"66":7,"68":0,"69":0,"70":0,"71":0,"72":0,"73":0,"74":7},"branchMap":{"0":{"type":"branch","line":22,"loc":{"start":{"line":22,"column":0},"end":{"line":75,"column":1}},"locations":[{"start":{"line":22,"column":0},"end":{"line":75,"column":1}}]},"1":{"type":"branch","line":25,"loc":{"start":{"line":25,"column":43},"end":{"line":27,"column":3}},"locations":[{"start":{"line":25,"column":43},"end":{"line":27,"column":3}}]},"2":{"type":"branch","line":27,"loc":{"start":{"line":27,"column":2},"end":{"line":33,"column":18}},"locations":[{"start":{"line":27,"column":2},"end":{"line":33,"column":18}}]},"3":{"type":"branch","line":33,"loc":{"start":{"line":33,"column":7},"end":{"line":33,"column":49}},"locations":[{"start":{"line":33,"column":7},"end":{"line":33,"column":49}}]},"4":{"type":"branch","line":33,"loc":{"start":{"line":33,"column":49},"end":{"line":35,"column":3}},"locations":[{"start":{"line":33,"column":49},"end":{"line":35,"column":3}}]},"5":{"type":"branch","line":35,"loc":{"start":{"line":35,"column":2},"end":{"line":45,"column":26}},"locations":[{"start":{"line":35,"column":2},"end":{"line":45,"column":26}}]},"6":{"type":"branch","line":45,"loc":{"start":{"line":45,"column":26},"end":{"line":50,"column":5}},"locations":[{"start":{"line":45,"column":26},"end":{"line":50,"column":5}}]},"7":{"type":"branch","line":50,"loc":{"start":{"line":50,"column":4},"end":{"line":54,"column":40}},"locations":[{"start":{"line":50,"column":4},"end":{"line":54,"column":40}}]},"8":{"type":"branch","line":55,"loc":{"start":{"line":55,"column":17},"end":{"line":58,"column":13}},"locations":[{"start":{"line":55,"column":17},"end":{"line":58,"column":13}}]},"9":{"type":"branch","line":56,"loc":{"start":{"line":56,"column":61},"end":{"line":56,"column":78}},"locations":[{"start":{"line":56,"column":61},"end":{"line":56,"column":78}}]},"10":{"type":"branch","line":57,"loc":{"start":{"line":57,"column":44},"end":{"line":58,"column":13}},"locations":[{"start":{"line":57,"column":44},"end":{"line":58,"column":13}}]},"11":{"type":"branch","line":58,"loc":{"start":{"line":58,"column":6},"end":{"line":60,"column":7}},"locations":[{"start":{"line":58,"column":6},"end":{"line":60,"column":7}}]},"12":{"type":"branch","line":61,"loc":{"start":{"line":61,"column":4},"end":{"line":63,"column":5}},"locations":[{"start":{"line":61,"column":4},"end":{"line":63,"column":5}}]},"13":{"type":"branch","line":63,"loc":{"start":{"line":63,"column":4},"end":{"line":67,"column":11}},"locations":[{"start":{"line":63,"column":4},"end":{"line":67,"column":11}}]},"14":{"type":"branch","line":67,"loc":{"start":{"line":67,"column":2},"end":{"line":74,"column":3}},"locations":[{"start":{"line":67,"column":2},"end":{"line":74,"column":3}}]}},"b":{"0":[7],"1":[1],"2":[6],"3":[5],"4":[1],"5":[5],"6":[1],"7":[4],"8":[4],"9":[0],"10":[1],"11":[0],"12":[3],"13":[4],"14":[0]},"fnMap":{"0":{"name":"GET","decl":{"start":{"line":22,"column":0},"end":{"line":75,"column":1}},"loc":{"start":{"line":22,"column":0},"end":{"line":75,"column":1}},"line":22}},"f":{"0":7}}
,"/Users/fishtv/Development/6-產品/摩托斯MOLTOS/app/api/chat/history/route.ts": {"path":"/Users/fishtv/Development/6-產品/摩托斯MOLTOS/app/api/chat/history/route.ts","all":false,"statementMap":{"7":{"start":{"line":8,"column":0},"end":{"line":8,"column":45}},"8":{"start":{"line":9,"column":0},"end":{"line":9,"column":41}},"9":{"start":{"line":10,"column":0},"end":{"line":10,"column":51}},"10":{"start":{"line":11,"column":0},"end":{"line":11,"column":43}},"12":{"start":{"line":13,"column":0},"end":{"line":13,"column":29}},"13":{"start":{"line":14,"column":0},"end":{"line":14,"column":54}},"15":{"start":{"line":16,"column":0},"end":{"line":16,"column":30}},"16":{"start":{"line":17,"column":0},"end":{"line":17,"column":64}},"17":{"start":{"line":18,"column":0},"end":{"line":18,"column":3}},"19":{"start":{"line":20,"column":0},"end":{"line":20,"column":7}},"22":{"start":{"line":23,"column":0},"end":{"line":23,"column":58}},"23":{"start":{"line":24,"column":0},"end":{"line":24,"column":27}},"24":{"start":{"line":25,"column":0},"end":{"line":25,"column":16}},"25":{"start":{"line":26,"column":0},"end":{"line":26,"column":77}},"26":{"start":{"line":27,"column":0},"end":{"line":27,"column":51}},"27":{"start":{"line":28,"column":0},"end":{"line":28,"column":39}},"28":{"start":{"line":29,"column":0},"end":{"line":29,"column":19}},"29":{"start":{"line":30,"column":0},"end":{"line":30,"column":62}},"30":{"start":{"line":31,"column":0},"end":{"line":31,"column":50}},"31":{"start":{"line":32,"column":0},"end":{"line":32,"column":3}},"32":{"start":{"line":33,"column":0},"end":{"line":33,"column":1}}},"s":{"7":1,"8":1,"9":1,"10":1,"12":7,"13":7,"15":7,"16":2,"17":2,"19":5,"22":5,"23":5,"24":4,"25":1,"26":1,"27":5,"28":7,"29":0,"30":0,"31":0,"32":7},"branchMap":{"0":{"type":"branch","line":13,"loc":{"start":{"line":13,"column":0},"end":{"line":33,"column":1}},"locations":[{"start":{"line":13,"column":0},"end":{"line":33,"column":1}}]},"1":{"type":"branch","line":16,"loc":{"start":{"line":16,"column":7},"end":{"line":16,"column":29}},"locations":[{"start":{"line":16,"column":7},"end":{"line":16,"column":29}}]},"2":{"type":"branch","line":16,"loc":{"start":{"line":16,"column":29},"end":{"line":18,"column":3}},"locations":[{"start":{"line":16,"column":29},"end":{"line":18,"column":3}}]},"3":{"type":"branch","line":18,"loc":{"start":{"line":18,"column":2},"end":{"line":24,"column":27}},"locations":[{"start":{"line":18,"column":2},"end":{"line":24,"column":27}}]},"4":{"type":"branch","line":24,"loc":{"start":{"line":24,"column":19},"end":{"line":25,"column":16}},"locations":[{"start":{"line":24,"column":19},"end":{"line":25,"column":16}}]},"5":{"type":"branch","line":25,"loc":{"start":{"line":25,"column":8},"end":{"line":26,"column":77}},"locations":[{"start":{"line":25,"column":8},"end":{"line":26,"column":77}}]},"6":{"type":"branch","line":26,"loc":{"start":{"line":26,"column":75},"end":{"line":27,"column":51}},"locations":[{"start":{"line":26,"column":75},"end":{"line":27,"column":51}}]},"7":{"type":"branch","line":27,"loc":{"start":{"line":27,"column":49},"end":{"line":29,"column":11}},"locations":[{"start":{"line":27,"column":49},"end":{"line":29,"column":11}}]},"8":{"type":"branch","line":29,"loc":{"start":{"line":29,"column":2},"end":{"line":32,"column":3}},"locations":[{"start":{"line":29,"column":2},"end":{"line":32,"column":3}}]}},"b":{"0":[7],"1":[5],"2":[2],"3":[5],"4":[4],"5":[1],"6":[1],"7":[5],"8":[0]},"fnMap":{"0":{"name":"GET","decl":{"start":{"line":13,"column":0},"end":{"line":33,"column":1}},"loc":{"start":{"line":13,"column":0},"end":{"line":33,"column":1}},"line":13}},"f":{"0":7}}
,"/Users/fishtv/Development/6-產品/摩托斯MOLTOS/app/api/chat/message/route.ts": {"path":"/Users/fishtv/Development/6-產品/摩托斯MOLTOS/app/api/chat/message/route.ts","all":false,"statementMap":{"1":{"start":{"line":2,"column":0},"end":{"line":2,"column":43}},"2":{"start":{"line":3,"column":0},"end":{"line":3,"column":45}},"3":{"start":{"line":4,"column":0},"end":{"line":4,"column":41}},"4":{"start":{"line":5,"column":0},"end":{"line":5,"column":39}},"6":{"start":{"line":7,"column":0},"end":{"line":7,"column":42}},"7":{"start":{"line":8,"column":0},"end":{"line":8,"column":7}},"8":{"start":{"line":9,"column":0},"end":{"line":9,"column":56}},"9":{"start":{"line":10,"column":0},"end":{"line":10,"column":58}},"11":{"start":{"line":12,"column":0},"end":{"line":12,"column":18}},"12":{"start":{"line":13,"column":0},"end":{"line":13,"column":86}},"13":{"start":{"line":14,"column":0},"end":{"line":14,"column":5}},"15":{"start":{"line":16,"column":0},"end":{"line":16,"column":34}},"16":{"start":{"line":17,"column":0},"end":{"line":17,"column":86}},"18":{"start":{"line":19,"column":0},"end":{"line":19,"column":28}},"19":{"start":{"line":20,"column":0},"end":{"line":20,"column":97}},"20":{"start":{"line":21,"column":0},"end":{"line":21,"column":5}},"22":{"start":{"line":23,"column":0},"end":{"line":23,"column":45}},"23":{"start":{"line":24,"column":0},"end":{"line":24,"column":43}},"24":{"start":{"line":25,"column":0},"end":{"line":25,"column":17}},"26":{"start":{"line":27,"column":0},"end":{"line":27,"column":51}},"27":{"start":{"line":28,"column":0},"end":{"line":28,"column":44}},"28":{"start":{"line":29,"column":0},"end":{"line":29,"column":3}},"29":{"start":{"line":30,"column":0},"end":{"line":30,"column":1}}},"s":{"1":1,"2":1,"3":1,"4":1,"6":5,"7":5,"8":5,"9":5,"11":5,"12":1,"13":1,"15":4,"16":4,"18":5,"19":2,"20":2,"22":2,"23":2,"24":5,"26":0,"27":0,"28":0,"29":5},"branchMap":{"0":{"type":"branch","line":7,"loc":{"start":{"line":7,"column":0},"end":{"line":30,"column":1}},"locations":[{"start":{"line":7,"column":0},"end":{"line":30,"column":1}}]},"1":{"type":"branch","line":10,"loc":{"start":{"line":10,"column":20},"end":{"line":10,"column":58}},"locations":[{"start":{"line":10,"column":20},"end":{"line":10,"column":58}}]},"2":{"type":"branch","line":12,"loc":{"start":{"line":12,"column":17},"end":{"line":14,"column":5}},"locations":[{"start":{"line":12,"column":17},"end":{"line":14,"column":5}}]},"3":{"type":"branch","line":14,"loc":{"start":{"line":14,"column":4},"end":{"line":19,"column":17}},"locations":[{"start":{"line":14,"column":4},"end":{"line":19,"column":17}}]},"4":{"type":"branch","line":19,"loc":{"start":{"line":19,"column":9},"end":{"line":19,"column":27}},"locations":[{"start":{"line":19,"column":9},"end":{"line":19,"column":27}}]},"5":{"type":"branch","line":19,"loc":{"start":{"line":19,"column":27},"end":{"line":25,"column":11}},"locations":[{"start":{"line":19,"column":27},"end":{"line":25,"column":11}}]},"6":{"type":"branch","line":25,"loc":{"start":{"line":25,"column":2},"end":{"line":29,"column":3}},"locations":[{"start":{"line":25,"column":2},"end":{"line":29,"column":3}}]}},"b":{"0":[5],"1":[4],"2":[1],"3":[4],"4":[3],"5":[2],"6":[0]},"fnMap":{"0":{"name":"POST","decl":{"start":{"line":7,"column":0},"end":{"line":30,"column":1}},"loc":{"start":{"line":7,"column":0},"end":{"line":30,"column":1}},"line":7}},"f":{"0":5}}
,"/Users/fishtv/Development/6-產品/摩托斯MOLTOS/app/api/elevenlabs-signed-url/route.ts": {"path":"/Users/fishtv/Development/6-產品/摩托斯MOLTOS/app/api/elevenlabs-signed-url/route.ts","all":false,"statementMap":{"0":{"start":{"line":1,"column":0},"end":{"line":1,"column":43}},"4":{"start":{"line":5,"column":0},"end":{"line":5,"column":29}},"5":{"start":{"line":6,"column":0},"end":{"line":6,"column":48}},"6":{"start":{"line":7,"column":0},"end":{"line":7,"column":62}},"8":{"start":{"line":9,"column":0},"end":{"line":9,"column":28}},"9":{"start":{"line":10,"column":0},"end":{"line":10,"column":67}},"10":{"start":{"line":11,"column":0},"end":{"line":11,"column":3}},"12":{"start":{"line":13,"column":0},"end":{"line":13,"column":7}},"13":{"start":{"line":14,"column":0},"end":{"line":14,"column":33}},"14":{"start":{"line":15,"column":0},"end":{"line":15,"column":92}},"15":{"start":{"line":16,"column":0},"end":{"line":16,"column":7}},"16":{"start":{"line":17,"column":0},"end":{"line":17,"column":22}},"17":{"start":{"line":18,"column":0},"end":{"line":18,"column":18}},"18":{"start":{"line":19,"column":0},"end":{"line":19,"column":31}},"19":{"start":{"line":20,"column":0},"end":{"line":20,"column":10}},"20":{"start":{"line":21,"column":0},"end":{"line":21,"column":7}},"21":{"start":{"line":22,"column":0},"end":{"line":22,"column":6}},"23":{"start":{"line":24,"column":0},"end":{"line":24,"column":23}},"24":{"start":{"line":25,"column":0},"end":{"line":25,"column":42}},"25":{"start":{"line":26,"column":0},"end":{"line":26,"column":60}},"26":{"start":{"line":27,"column":0},"end":{"line":27,"column":90}},"27":{"start":{"line":28,"column":0},"end":{"line":28,"column":5}},"29":{"start":{"line":30,"column":0},"end":{"line":30,"column":39}},"30":{"start":{"line":31,"column":0},"end":{"line":31,"column":61}},"31":{"start":{"line":32,"column":0},"end":{"line":32,"column":19}},"32":{"start":{"line":33,"column":0},"end":{"line":33,"column":56}},"33":{"start":{"line":34,"column":0},"end":{"line":34,"column":66}},"34":{"start":{"line":35,"column":0},"end":{"line":35,"column":3}},"35":{"start":{"line":36,"column":0},"end":{"line":36,"column":1}}},"s":{"0":1,"4":5,"5":5,"6":5,"8":5,"9":2,"10":2,"12":3,"13":3,"14":3,"15":3,"16":3,"17":3,"18":3,"19":3,"20":3,"21":3,"23":5,"24":1,"25":1,"26":1,"27":1,"29":2,"30":2,"31":5,"32":0,"33":0,"34":0,"35":5},"branchMap":{"0":{"type":"branch","line":5,"loc":{"start":{"line":5,"column":0},"end":{"line":36,"column":1}},"locations":[{"start":{"line":5,"column":0},"end":{"line":36,"column":1}}]},"1":{"type":"branch","line":9,"loc":{"start":{"line":9,"column":7},"end":{"line":9,"column":27}},"locations":[{"start":{"line":9,"column":7},"end":{"line":9,"column":27}}]},"2":{"type":"branch","line":9,"loc":{"start":{"line":9,"column":27},"end":{"line":11,"column":3}},"locations":[{"start":{"line":9,"column":27},"end":{"line":11,"column":3}}]},"3":{"type":"branch","line":11,"loc":{"start":{"line":11,"column":2},"end":{"line":24,"column":22}},"locations":[{"start":{"line":11,"column":2},"end":{"line":24,"column":22}}]},"4":{"type":"branch","line":24,"loc":{"start":{"line":24,"column":22},"end":{"line":28,"column":5}},"locations":[{"start":{"line":24,"column":22},"end":{"line":28,"column":5}}]},"5":{"type":"branch","line":28,"loc":{"start":{"line":28,"column":4},"end":{"line":32,"column":11}},"locations":[{"start":{"line":28,"column":4},"end":{"line":32,"column":11}}]},"6":{"type":"branch","line":32,"loc":{"start":{"line":32,"column":2},"end":{"line":35,"column":3}},"locations":[{"start":{"line":32,"column":2},"end":{"line":35,"column":3}}]}},"b":{"0":[5],"1":[4],"2":[2],"3":[3],"4":[1],"5":[2],"6":[0]},"fnMap":{"0":{"name":"GET","decl":{"start":{"line":5,"column":0},"end":{"line":36,"column":1}},"loc":{"start":{"line":5,"column":0},"end":{"line":36,"column":1}},"line":5}},"f":{"0":5}}
,"/Users/fishtv/Development/6-產品/摩托斯MOLTOS/app/api/elevenlabs-webhook/route.ts": {"path":"/Users/fishtv/Development/6-產品/摩托斯MOLTOS/app/api/elevenlabs-webhook/route.ts","all":false,"statementMap":{"19":{"start":{"line":20,"column":0},"end":{"line":20,"column":56}},"22":{"start":{"line":23,"column":0},"end":{"line":23,"column":38}},"23":{"start":{"line":24,"column":0},"end":{"line":24,"column":39}},"30":{"start":{"line":31,"column":0},"end":{"line":31,"column":50}},"34":{"start":{"line":35,"column":0},"end":{"line":35,"column":65}},"36":{"start":{"line":37,"column":0},"end":{"line":37,"column":45}},"38":{"start":{"line":39,"column":0},"end":{"line":39,"column":7}},"39":{"start":{"line":40,"column":0},"end":{"line":40,"column":28}},"40":{"start":{"line":41,"column":0},"end":{"line":41,"column":11}},"42":{"start":{"line":43,"column":0},"end":{"line":43,"column":29}},"43":{"start":{"line":44,"column":0},"end":{"line":44,"column":46}},"44":{"start":{"line":45,"column":0},"end":{"line":45,"column":21}},"45":{"start":{"line":46,"column":0},"end":{"line":46,"column":6}},"46":{"start":{"line":47,"column":0},"end":{"line":47,"column":3}},"49":{"start":{"line":50,"column":0},"end":{"line":50,"column":84}},"50":{"start":{"line":51,"column":0},"end":{"line":51,"column":67}},"51":{"start":{"line":52,"column":0},"end":{"line":52,"column":85}},"54":{"start":{"line":55,"column":0},"end":{"line":55,"column":57}},"55":{"start":{"line":56,"column":0},"end":{"line":56,"column":72}},"57":{"start":{"line":58,"column":0},"end":{"line":58,"column":47}},"58":{"start":{"line":59,"column":0},"end":{"line":59,"column":37}},"59":{"start":{"line":60,"column":0},"end":{"line":60,"column":82}},"61":{"start":{"line":62,"column":0},"end":{"line":62,"column":41}},"62":{"start":{"line":63,"column":0},"end":{"line":63,"column":103}},"64":{"start":{"line":65,"column":0},"end":{"line":65,"column":14}},"65":{"start":{"line":66,"column":0},"end":{"line":66,"column":95}},"66":{"start":{"line":67,"column":0},"end":{"line":67,"column":4}},"70":{"start":{"line":71,"column":0},"end":{"line":71,"column":77}},"71":{"start":{"line":72,"column":0},"end":{"line":72,"column":57}},"72":{"start":{"line":73,"column":0},"end":{"line":73,"column":3}},"75":{"start":{"line":76,"column":0},"end":{"line":76,"column":21}},"76":{"start":{"line":77,"column":0},"end":{"line":77,"column":35}},"78":{"start":{"line":79,"column":0},"end":{"line":79,"column":85}},"79":{"start":{"line":80,"column":0},"end":{"line":80,"column":62}},"81":{"start":{"line":82,"column":0},"end":{"line":82,"column":30}},"83":{"start":{"line":84,"column":0},"end":{"line":84,"column":36}},"85":{"start":{"line":86,"column":0},"end":{"line":86,"column":9}},"86":{"start":{"line":87,"column":0},"end":{"line":87,"column":47}},"87":{"start":{"line":88,"column":0},"end":{"line":88,"column":19}},"88":{"start":{"line":89,"column":0},"end":{"line":89,"column":19}},"90":{"start":{"line":91,"column":0},"end":{"line":91,"column":64}},"91":{"start":{"line":92,"column":0},"end":{"line":92,"column":5}},"92":{"start":{"line":93,"column":0},"end":{"line":93,"column":3}},"94":{"start":{"line":95,"column":0},"end":{"line":95,"column":50}},"95":{"start":{"line":96,"column":0},"end":{"line":96,"column":64}},"96":{"start":{"line":97,"column":0},"end":{"line":97,"column":1}}},"s":{"19":1,"22":1,"23":1,"30":1,"34":14,"36":14,"38":14,"39":14,"40":14,"42":2,"43":2,"44":2,"45":2,"46":2,"49":12,"50":12,"51":14,"54":14,"55":14,"57":14,"58":14,"59":14,"61":14,"62":14,"64":14,"65":14,"66":14,"70":14,"71":3,"72":3,"75":9,"76":14,"78":29,"79":29,"81":29,"83":29,"85":27,"86":27,"87":26,"88":29,"90":1,"91":1,"92":29,"94":9,"95":9,"96":9},"branchMap":{"0":{"type":"branch","line":35,"loc":{"start":{"line":35,"column":0},"end":{"line":97,"column":1}},"locations":[{"start":{"line":35,"column":0},"end":{"line":97,"column":1}}]},"1":{"type":"branch","line":40,"loc":{"start":{"line":40,"column":26},"end":{"line":41,"column":10}},"locations":[{"start":{"line":40,"column":26},"end":{"line":41,"column":10}}]},"2":{"type":"branch","line":41,"loc":{"start":{"line":41,"column":2},"end":{"line":47,"column":3}},"locations":[{"start":{"line":41,"column":2},"end":{"line":47,"column":3}}]},"3":{"type":"branch","line":47,"loc":{"start":{"line":47,"column":2},"end":{"line":52,"column":80}},"locations":[{"start":{"line":47,"column":2},"end":{"line":52,"column":80}}]},"4":{"type":"branch","line":52,"loc":{"start":{"line":52,"column":72},"end":{"line":52,"column":82}},"locations":[{"start":{"line":52,"column":72},"end":{"line":52,"column":82}}]},"5":{"type":"branch","line":56,"loc":{"start":{"line":56,"column":20},"end":{"line":56,"column":72}},"locations":[{"start":{"line":56,"column":20},"end":{"line":56,"column":72}}]},"6":{"type":"branch","line":60,"loc":{"start":{"line":60,"column":27},"end":{"line":60,"column":82}},"locations":[{"start":{"line":60,"column":27},"end":{"line":60,"column":82}}]},"7":{"type":"branch","line":62,"loc":{"start":{"line":62,"column":20},"end":{"line":62,"column":41}},"locations":[{"start":{"line":62,"column":20},"end":{"line":62,"column":41}}]},"8":{"type":"branch","line":63,"loc":{"start":{"line":63,"column":18},"end":{"line":63,"column":51}},"locations":[{"start":{"line":63,"column":18},"end":{"line":63,"column":51}}]},"9":{"type":"branch","line":63,"loc":{"start":{"line":63,"column":46},"end":{"line":63,"column":63}},"locations":[{"start":{"line":63,"column":46},"end":{"line":63,"column":63}}]},"10":{"type":"branch","line":63,"loc":{"start":{"line":63,"column":51},"end":{"line":63,"column":103}},"locations":[{"start":{"line":63,"column":51},"end":{"line":63,"column":103}}]},"11":{"type":"branch","line":63,"loc":{"start":{"line":63,"column":72},"end":{"line":63,"column":100}},"locations":[{"start":{"line":63,"column":72},"end":{"line":63,"column":100}}]},"12":{"type":"branch","line":66,"loc":{"start":{"line":66,"column":70},"end":{"line":66,"column":92}},"locations":[{"start":{"line":66,"column":70},"end":{"line":66,"column":92}}]},"13":{"type":"branch","line":66,"loc":{"start":{"line":66,"column":82},"end":{"line":66,"column":93}},"locations":[{"start":{"line":66,"column":82},"end":{"line":66,"column":93}}]},"14":{"type":"branch","line":71,"loc":{"start":{"line":71,"column":7},"end":{"line":71,"column":51}},"locations":[{"start":{"line":71,"column":7},"end":{"line":71,"column":51}}]},"15":{"type":"branch","line":71,"loc":{"start":{"line":71,"column":46},"end":{"line":71,"column":76}},"locations":[{"start":{"line":71,"column":46},"end":{"line":71,"column":76}}]},"16":{"type":"branch","line":71,"loc":{"start":{"line":71,"column":76},"end":{"line":73,"column":3}},"locations":[{"start":{"line":71,"column":76},"end":{"line":73,"column":3}}]},"17":{"type":"branch","line":73,"loc":{"start":{"line":73,"column":2},"end":{"line":77,"column":34}},"locations":[{"start":{"line":73,"column":2},"end":{"line":77,"column":34}}]},"18":{"type":"branch","line":77,"loc":{"start":{"line":77,"column":34},"end":{"line":93,"column":3}},"locations":[{"start":{"line":77,"column":34},"end":{"line":93,"column":3}}]},"19":{"type":"branch","line":79,"loc":{"start":{"line":79,"column":54},"end":{"line":79,"column":78}},"locations":[{"start":{"line":79,"column":54},"end":{"line":79,"column":78}}]},"20":{"type":"branch","line":79,"loc":{"start":{"line":79,"column":64},"end":{"line":79,"column":85}},"locations":[{"start":{"line":79,"column":64},"end":{"line":79,"column":85}}]},"21":{"type":"branch","line":80,"loc":{"start":{"line":80,"column":23},"end":{"line":80,"column":51}},"locations":[{"start":{"line":80,"column":23},"end":{"line":80,"column":51}}]},"22":{"type":"branch","line":80,"loc":{"start":{"line":80,"column":40},"end":{"line":80,"column":55}},"locations":[{"start":{"line":80,"column":40},"end":{"line":80,"column":55}}]},"23":{"type":"branch","line":84,"loc":{"start":{"line":84,"column":18},"end":{"line":84,"column":36}},"locations":[{"start":{"line":84,"column":18},"end":{"line":84,"column":36}}]},"24":{"type":"branch","line":84,"loc":{"start":{"line":84,"column":18},"end":{"line":87,"column":47}},"locations":[{"start":{"line":84,"column":18},"end":{"line":87,"column":47}}]},"25":{"type":"branch","line":87,"loc":{"start":{"line":87,"column":45},"end":{"line":89,"column":13}},"locations":[{"start":{"line":87,"column":45},"end":{"line":89,"column":13}}]},"26":{"type":"branch","line":89,"loc":{"start":{"line":89,"column":4},"end":{"line":92,"column":5}},"locations":[{"start":{"line":89,"column":4},"end":{"line":92,"column":5}}]},"27":{"type":"branch","line":93,"loc":{"start":{"line":93,"column":2},"end":{"line":97,"column":1}},"locations":[{"start":{"line":93,"column":2},"end":{"line":97,"column":1}}]}},"b":{"0":[14],"1":[12],"2":[2],"3":[12],"4":[11],"5":[11],"6":[1],"7":[1],"8":[1],"9":[1],"10":[11],"11":[0],"12":[10],"13":[2],"14":[10],"15":[10],"16":[3],"17":[9],"18":[29],"19":[14],"20":[15],"21":[1],"22":[0],"23":[2],"24":[27],"25":[26],"26":[1],"27":[9]},"fnMap":{"0":{"name":"POST","decl":{"start":{"line":35,"column":0},"end":{"line":97,"column":1}},"loc":{"start":{"line":35,"column":0},"end":{"line":97,"column":1}},"line":35}},"f":{"0":14}}
,"/Users/fishtv/Development/6-產品/摩托斯MOLTOS/lib/calm-index-bridge.ts": {"path":"/Users/fishtv/Development/6-產品/摩托斯MOLTOS/lib/calm-index-bridge.ts","all":false,"statementMap":{"9":{"start":{"line":10,"column":0},"end":{"line":10,"column":56}},"25":{"start":{"line":26,"column":0},"end":{"line":26,"column":75}},"26":{"start":{"line":27,"column":0},"end":{"line":27,"column":10}},"27":{"start":{"line":28,"column":0},"end":{"line":28,"column":56}},"28":{"start":{"line":29,"column":0},"end":{"line":29,"column":56}},"29":{"start":{"line":30,"column":0},"end":{"line":30,"column":59}},"30":{"start":{"line":31,"column":0},"end":{"line":31,"column":57}},"32":{"start":{"line":33,"column":0},"end":{"line":33,"column":4}},"33":{"start":{"line":34,"column":0},"end":{"line":34,"column":1}},"45":{"start":{"line":46,"column":0},"end":{"line":46,"column":76}},"46":{"start":{"line":47,"column":0},"end":{"line":47,"column":44}},"48":{"start":{"line":49,"column":0},"end":{"line":49,"column":43}},"50":{"start":{"line":51,"column":0},"end":{"line":51,"column":10}},"51":{"start":{"line":52,"column":0},"end":{"line":52,"column":51}},"52":{"start":{"line":53,"column":0},"end":{"line":53,"column":39}},"53":{"start":{"line":54,"column":0},"end":{"line":54,"column":19}},"54":{"start":{"line":55,"column":0},"end":{"line":55,"column":26}},"56":{"start":{"line":57,"column":0},"end":{"line":57,"column":67}},"57":{"start":{"line":58,"column":0},"end":{"line":58,"column":4}},"58":{"start":{"line":59,"column":0},"end":{"line":59,"column":1}}},"s":{"9":1,"25":1,"26":14,"27":14,"28":14,"29":14,"30":14,"32":14,"33":14,"45":1,"46":8,"48":8,"50":8,"51":8,"52":8,"53":8,"54":8,"56":8,"57":8,"58":8},"branchMap":{"0":{"type":"branch","line":26,"loc":{"start":{"line":26,"column":7},"end":{"line":34,"column":1}},"locations":[{"start":{"line":26,"column":7},"end":{"line":34,"column":1}}]},"1":{"type":"branch","line":46,"loc":{"start":{"line":46,"column":7},"end":{"line":59,"column":1}},"locations":[{"start":{"line":46,"column":7},"end":{"line":59,"column":1}}]},"2":{"type":"branch","line":57,"loc":{"start":{"line":57,"column":45},"end":{"line":57,"column":57}},"locations":[{"start":{"line":57,"column":45},"end":{"line":57,"column":57}}]},"3":{"type":"branch","line":57,"loc":{"start":{"line":57,"column":50},"end":{"line":57,"column":67}},"locations":[{"start":{"line":57,"column":50},"end":{"line":57,"column":67}}]}},"b":{"0":[14],"1":[8],"2":[2],"3":[6]},"fnMap":{"0":{"name":"convertToCalmInput","decl":{"start":{"line":26,"column":7},"end":{"line":34,"column":1}},"loc":{"start":{"line":26,"column":7},"end":{"line":34,"column":1}},"line":26},"1":{"name":"computeCalmIndex","decl":{"start":{"line":46,"column":7},"end":{"line":59,"column":1}},"loc":{"start":{"line":46,"column":7},"end":{"line":59,"column":1}},"line":46}},"f":{"0":14,"1":8}}
,"/Users/fishtv/Development/6-產品/摩托斯MOLTOS/lib/elevenlabs.ts": {"path":"/Users/fishtv/Development/6-產品/摩托斯MOLTOS/lib/elevenlabs.ts","all":false,"statementMap":{"18":{"start":{"line":19,"column":0},"end":{"line":19,"column":38}},"19":{"start":{"line":20,"column":0},"end":{"line":20,"column":62}},"21":{"start":{"line":22,"column":0},"end":{"line":22,"column":17}},"22":{"start":{"line":23,"column":0},"end":{"line":23,"column":20}},"23":{"start":{"line":24,"column":0},"end":{"line":24,"column":68}},"24":{"start":{"line":25,"column":0},"end":{"line":25,"column":6}},"25":{"start":{"line":26,"column":0},"end":{"line":26,"column":3}},"27":{"start":{"line":28,"column":0},"end":{"line":28,"column":17}},"28":{"start":{"line":29,"column":0},"end":{"line":29,"column":1}},"38":{"start":{"line":39,"column":0},"end":{"line":39,"column":34}},"43":{"start":{"line":44,"column":0},"end":{"line":44,"column":66}},"44":{"start":{"line":45,"column":0},"end":{"line":45,"column":71}},"45":{"start":{"line":46,"column":0},"end":{"line":46,"column":4}},"50":{"start":{"line":51,"column":0},"end":{"line":51,"column":23}},"51":{"start":{"line":52,"column":0},"end":{"line":52,"column":39}},"52":{"start":{"line":53,"column":0},"end":{"line":53,"column":4}},"61":{"start":{"line":62,"column":0},"end":{"line":62,"column":66}},"62":{"start":{"line":63,"column":0},"end":{"line":63,"column":54}},"63":{"start":{"line":64,"column":0},"end":{"line":64,"column":4}},"72":{"start":{"line":73,"column":0},"end":{"line":73,"column":68}},"73":{"start":{"line":74,"column":0},"end":{"line":74,"column":55}},"74":{"start":{"line":75,"column":0},"end":{"line":75,"column":4}},"75":{"start":{"line":76,"column":0},"end":{"line":76,"column":11}},"88":{"start":{"line":89,"column":0},"end":{"line":89,"column":56}},"89":{"start":{"line":90,"column":0},"end":{"line":90,"column":48}},"90":{"start":{"line":91,"column":0},"end":{"line":91,"column":1}},"107":{"start":{"line":108,"column":0},"end":{"line":108,"column":38}},"108":{"start":{"line":109,"column":0},"end":{"line":109,"column":17}},"109":{"start":{"line":110,"column":0},"end":{"line":110,"column":21}},"110":{"start":{"line":111,"column":0},"end":{"line":111,"column":14}},"111":{"start":{"line":112,"column":0},"end":{"line":112,"column":19}},"112":{"start":{"line":113,"column":0},"end":{"line":113,"column":21}},"114":{"start":{"line":115,"column":0},"end":{"line":115,"column":51}},"116":{"start":{"line":117,"column":0},"end":{"line":117,"column":22}},"117":{"start":{"line":118,"column":0},"end":{"line":118,"column":26}},"119":{"start":{"line":120,"column":0},"end":{"line":120,"column":25}},"120":{"start":{"line":121,"column":0},"end":{"line":121,"column":24}},"122":{"start":{"line":123,"column":0},"end":{"line":123,"column":20}},"124":{"start":{"line":125,"column":0},"end":{"line":125,"column":12}},"126":{"start":{"line":127,"column":0},"end":{"line":127,"column":20}},"127":{"start":{"line":128,"column":0},"end":{"line":128,"column":3}},"128":{"start":{"line":129,"column":0},"end":{"line":129,"column":1}}},"s":{"18":1,"19":2,"21":2,"22":1,"23":1,"24":1,"25":1,"27":1,"28":1,"38":1,"43":1,"44":0,"45":0,"50":1,"51":0,"52":0,"61":1,"62":0,"63":0,"72":1,"73":0,"74":0,"75":1,"88":1,"89":13,"90":13,"107":1,"108":25,"109":25,"110":25,"111":25,"112":25,"114":8,"116":25,"117":4,"119":25,"120":25,"122":13,"124":25,"126":0,"127":25,"128":25},"branchMap":{"0":{"type":"branch","line":19,"loc":{"start":{"line":19,"column":7},"end":{"line":29,"column":1}},"locations":[{"start":{"line":19,"column":7},"end":{"line":29,"column":1}}]},"1":{"type":"branch","line":22,"loc":{"start":{"line":22,"column":16},"end":{"line":29,"column":1}},"locations":[{"start":{"line":22,"column":16},"end":{"line":29,"column":1}}]},"2":{"type":"branch","line":89,"loc":{"start":{"line":89,"column":7},"end":{"line":91,"column":1}},"locations":[{"start":{"line":89,"column":7},"end":{"line":91,"column":1}}]},"3":{"type":"branch","line":108,"loc":{"start":{"line":108,"column":7},"end":{"line":129,"column":1}},"locations":[{"start":{"line":108,"column":7},"end":{"line":129,"column":1}}]},"4":{"type":"branch","line":113,"loc":{"start":{"line":113,"column":4},"end":{"line":115,"column":51}},"locations":[{"start":{"line":113,"column":4},"end":{"line":115,"column":51}}]},"5":{"type":"branch","line":115,"loc":{"start":{"line":115,"column":13},"end":{"line":115,"column":39}},"locations":[{"start":{"line":115,"column":13},"end":{"line":115,"column":39}}]},"6":{"type":"branch","line":115,"loc":{"start":{"line":115,"column":26},"end":{"line":115,"column":51}},"locations":[{"start":{"line":115,"column":26},"end":{"line":115,"column":51}}]},"7":{"type":"branch","line":117,"loc":{"start":{"line":117,"column":4},"end":{"line":118,"column":26}},"locations":[{"start":{"line":117,"column":4},"end":{"line":118,"column":26}}]},"8":{"type":"branch","line":120,"loc":{"start":{"line":120,"column":4},"end":{"line":120,"column":25}},"locations":[{"start":{"line":120,"column":4},"end":{"line":120,"column":25}}]},"9":{"type":"branch","line":121,"loc":{"start":{"line":121,"column":4},"end":{"line":123,"column":20}},"locations":[{"start":{"line":121,"column":4},"end":{"line":123,"column":20}}]},"10":{"type":"branch","line":125,"loc":{"start":{"line":125,"column":4},"end":{"line":127,"column":20}},"locations":[{"start":{"line":125,"column":4},"end":{"line":127,"column":20}}]}},"b":{"0":[2],"1":[1],"2":[13],"3":[25],"4":[8],"5":[4],"6":[4],"7":[4],"8":[6],"9":[13],"10":[0]},"fnMap":{"0":{"name":"getAgentId","decl":{"start":{"line":19,"column":7},"end":{"line":29,"column":1}},"loc":{"start":{"line":19,"column":7},"end":{"line":29,"column":1}},"line":19},"1":{"name":"onConnect","decl":{"start":{"line":44,"column":13},"end":{"line":46,"column":4}},"loc":{"start":{"line":44,"column":13},"end":{"line":46,"column":4}},"line":44},"2":{"name":"onDisconnect","decl":{"start":{"line":51,"column":16},"end":{"line":53,"column":4}},"loc":{"start":{"line":51,"column":16},"end":{"line":53,"column":4}},"line":51},"3":{"name":"getInputVolumeLevel","decl":{"start":{"line":62,"column":23},"end":{"line":64,"column":4}},"loc":{"start":{"line":62,"column":23},"end":{"line":64,"column":4}},"line":62},"4":{"name":"getOutputVolumeLevel","decl":{"start":{"line":73,"column":24},"end":{"line":75,"column":4}},"loc":{"start":{"line":73,"column":24},"end":{"line":75,"column":4}},"line":73},"5":{"name":"stripEmotionTags","decl":{"start":{"line":89,"column":7},"end":{"line":91,"column":1}},"loc":{"start":{"line":89,"column":7},"end":{"line":91,"column":1}},"line":89},"6":{"name":"mapConversationStatus","decl":{"start":{"line":108,"column":7},"end":{"line":129,"column":1}},"loc":{"start":{"line":108,"column":7},"end":{"line":129,"column":1}},"line":108}},"f":{"0":2,"1":0,"2":0,"3":0,"4":0,"5":13,"6":25}}
,"/Users/fishtv/Development/6-產品/摩托斯MOLTOS/lib/gemini-prompts.ts": {"path":"/Users/fishtv/Development/6-產品/摩托斯MOLTOS/lib/gemini-prompts.ts","all":false,"statementMap":{"23":{"start":{"line":24,"column":0},"end":{"line":24,"column":79}},"24":{"start":{"line":25,"column":0},"end":{"line":25,"column":20}},"25":{"start":{"line":26,"column":0},"end":{"line":26,"column":65}},"26":{"start":{"line":27,"column":0},"end":{"line":27,"column":3}},"27":{"start":{"line":28,"column":0},"end":{"line":28,"column":31}},"28":{"start":{"line":29,"column":0},"end":{"line":29,"column":1}},"40":{"start":{"line":41,"column":0},"end":{"line":41,"column":75}},"41":{"start":{"line":42,"column":0},"end":{"line":42,"column":76}},"43":{"start":{"line":44,"column":0},"end":{"line":44,"column":13}},"44":{"start":{"line":45,"column":0},"end":{"line":45,"column":30}},"47":{"start":{"line":48,"column":0},"end":{"line":48,"column":1}},"59":{"start":{"line":60,"column":0},"end":{"line":60,"column":80}},"60":{"start":{"line":61,"column":0},"end":{"line":61,"column":30}},"61":{"start":{"line":62,"column":0},"end":{"line":62,"column":51}},"62":{"start":{"line":63,"column":0},"end":{"line":63,"column":9}},"64":{"start":{"line":65,"column":0},"end":{"line":65,"column":97}},"65":{"start":{"line":66,"column":0},"end":{"line":66,"column":1}},"82":{"start":{"line":83,"column":0},"end":{"line":83,"column":58}},"83":{"start":{"line":84,"column":0},"end":{"line":84,"column":42}},"84":{"start":{"line":85,"column":0},"end":{"line":85,"column":42}},"85":{"start":{"line":86,"column":0},"end":{"line":86,"column":45}},"86":{"start":{"line":87,"column":0},"end":{"line":87,"column":43}},"87":{"start":{"line":88,"column":0},"end":{"line":88,"column":22}},"88":{"start":{"line":89,"column":0},"end":{"line":89,"column":1}},"99":{"start":{"line":100,"column":0},"end":{"line":100,"column":69}},"100":{"start":{"line":101,"column":0},"end":{"line":101,"column":46}},"105":{"start":{"line":106,"column":0},"end":{"line":106,"column":1}}},"s":{"23":1,"24":6,"25":3,"26":3,"27":3,"28":3,"40":1,"41":9,"43":9,"44":9,"47":9,"59":1,"60":11,"61":2,"62":9,"64":11,"65":11,"82":1,"83":41,"84":41,"85":41,"86":41,"87":10,"88":10,"99":1,"100":6,"105":6},"branchMap":{"0":{"type":"branch","line":24,"loc":{"start":{"line":24,"column":7},"end":{"line":29,"column":1}},"locations":[{"start":{"line":24,"column":7},"end":{"line":29,"column":1}}]},"1":{"type":"branch","line":25,"loc":{"start":{"line":25,"column":19},"end":{"line":29,"column":1}},"locations":[{"start":{"line":25,"column":19},"end":{"line":29,"column":1}}]},"2":{"type":"branch","line":41,"loc":{"start":{"line":41,"column":7},"end":{"line":48,"column":1}},"locations":[{"start":{"line":41,"column":7},"end":{"line":48,"column":1}}]},"3":{"type":"branch","line":45,"loc":{"start":{"line":45,"column":7},"end":{"line":45,"column":29}},"locations":[{"start":{"line":45,"column":7},"end":{"line":45,"column":29}}]},"4":{"type":"branch","line":60,"loc":{"start":{"line":60,"column":7},"end":{"line":66,"column":1}},"locations":[{"start":{"line":60,"column":7},"end":{"line":66,"column":1}}]},"5":{"type":"branch","line":61,"loc":{"start":{"line":61,"column":19},"end":{"line":62,"column":51}},"locations":[{"start":{"line":61,"column":19},"end":{"line":62,"column":51}}]},"6":{"type":"branch","line":62,"loc":{"start":{"line":62,"column":31},"end":{"line":63,"column":9}},"locations":[{"start":{"line":62,"column":31},"end":{"line":63,"column":9}}]},"7":{"type":"branch","line":83,"loc":{"start":{"line":83,"column":7},"end":{"line":89,"column":1}},"locations":[{"start":{"line":83,"column":7},"end":{"line":89,"column":1}}]},"8":{"type":"branch","line":84,"loc":{"start":{"line":84,"column":12},"end":{"line":84,"column":42}},"locations":[{"start":{"line":84,"column":12},"end":{"line":84,"column":42}}]},"9":{"type":"branch","line":85,"loc":{"start":{"line":85,"column":11},"end":{"line":85,"column":25}},"locations":[{"start":{"line":85,"column":11},"end":{"line":85,"column":25}}]},"10":{"type":"branch","line":85,"loc":{"start":{"line":85,"column":25},"end":{"line":85,"column":42}},"locations":[{"start":{"line":85,"column":25},"end":{"line":85,"column":42}}]},"11":{"type":"branch","line":85,"loc":{"start":{"line":85,"column":32},"end":{"line":86,"column":17}},"locations":[{"start":{"line":85,"column":32},"end":{"line":86,"column":17}}]},"12":{"type":"branch","line":86,"loc":{"start":{"line":86,"column":11},"end":{"line":86,"column":26}},"locations":[{"start":{"line":86,"column":11},"end":{"line":86,"column":26}}]},"13":{"type":"branch","line":86,"loc":{"start":{"line":86,"column":26},"end":{"line":86,"column":45}},"locations":[{"start":{"line":86,"column":26},"end":{"line":86,"column":45}}]},"14":{"type":"branch","line":86,"loc":{"start":{"line":86,"column":33},"end":{"line":87,"column":17}},"locations":[{"start":{"line":86,"column":33},"end":{"line":87,"column":17}}]},"15":{"type":"branch","line":87,"loc":{"start":{"line":87,"column":11},"end":{"line":87,"column":26}},"locations":[{"start":{"line":87,"column":11},"end":{"line":87,"column":26}}]},"16":{"type":"branch","line":87,"loc":{"start":{"line":87,"column":26},"end":{"line":89,"column":1}},"locations":[{"start":{"line":87,"column":26},"end":{"line":89,"column":1}}]},"17":{"type":"branch","line":87,"loc":{"start":{"line":87,"column":26},"end":{"line":87,"column":43}},"locations":[{"start":{"line":87,"column":26},"end":{"line":87,"column":43}}]},"18":{"type":"branch","line":87,"loc":{"start":{"line":87,"column":33},"end":{"line":89,"column":1}},"locations":[{"start":{"line":87,"column":33},"end":{"line":89,"column":1}}]},"19":{"type":"branch","line":100,"loc":{"start":{"line":100,"column":7},"end":{"line":106,"column":1}},"locations":[{"start":{"line":100,"column":7},"end":{"line":106,"column":1}}]}},"b":{"0":[6],"1":[3],"2":[9],"3":[1],"4":[11],"5":[2],"6":[9],"7":[41],"8":[0],"9":[33],"10":[12],"11":[29],"12":[21],"13":[10],"14":[19],"15":[11],"16":[37],"17":[9],"18":[10],"19":[6]},"fnMap":{"0":{"name":"chatPrompt","decl":{"start":{"line":24,"column":7},"end":{"line":29,"column":1}},"loc":{"start":{"line":24,"column":7},"end":{"line":29,"column":1}},"line":24},"1":{"name":"summaryPrompt","decl":{"start":{"line":41,"column":7},"end":{"line":48,"column":1}},"loc":{"start":{"line":41,"column":7},"end":{"line":48,"column":1}},"line":41},"2":{"name":"greetingPrompt","decl":{"start":{"line":60,"column":7},"end":{"line":66,"column":1}},"loc":{"start":{"line":60,"column":7},"end":{"line":66,"column":1}},"line":60},"3":{"name":"getTimePeriod","decl":{"start":{"line":83,"column":7},"end":{"line":89,"column":1}},"loc":{"start":{"line":83,"column":7},"end":{"line":89,"column":1}},"line":83},"4":{"name":"insightPrompt","decl":{"start":{"line":100,"column":7},"end":{"line":106,"column":1}},"loc":{"start":{"line":100,"column":7},"end":{"line":106,"column":1}},"line":100}},"f":{"0":6,"1":9,"2":11,"3":41,"4":6}}
,"/Users/fishtv/Development/6-產品/摩托斯MOLTOS/lib/gemini.ts": {"path":"/Users/fishtv/Development/6-產品/摩托斯MOLTOS/lib/gemini.ts","all":false,"statementMap":{"12":{"start":{"line":13,"column":0},"end":{"line":13,"column":59}},"14":{"start":{"line":15,"column":0},"end":{"line":15,"column":50}},"19":{"start":{"line":20,"column":0},"end":{"line":20,"column":40}},"36":{"start":{"line":37,"column":0},"end":{"line":37,"column":83}},"38":{"start":{"line":39,"column":0},"end":{"line":39,"column":42}},"68":{"start":{"line":69,"column":0},"end":{"line":69,"column":22}},"69":{"start":{"line":70,"column":0},"end":{"line":70,"column":25}},"72":{"start":{"line":73,"column":0},"end":{"line":73,"column":3}},"74":{"start":{"line":75,"column":0},"end":{"line":75,"column":47}},"77":{"start":{"line":78,"column":0},"end":{"line":78,"column":28}},"78":{"start":{"line":79,"column":0},"end":{"line":79,"column":18}},"79":{"start":{"line":80,"column":0},"end":{"line":80,"column":16}},"80":{"start":{"line":81,"column":0},"end":{"line":81,"column":49}},"82":{"start":{"line":83,"column":0},"end":{"line":83,"column":12}},"84":{"start":{"line":85,"column":0},"end":{"line":85,"column":16}},"85":{"start":{"line":86,"column":0},"end":{"line":86,"column":50}},"87":{"start":{"line":88,"column":0},"end":{"line":88,"column":12}},"89":{"start":{"line":90,"column":0},"end":{"line":90,"column":20}},"90":{"start":{"line":91,"column":0},"end":{"line":91,"column":47}},"92":{"start":{"line":93,"column":0},"end":{"line":93,"column":12}},"94":{"start":{"line":95,"column":0},"end":{"line":95,"column":21}},"95":{"start":{"line":96,"column":0},"end":{"line":96,"column":54}},"97":{"start":{"line":98,"column":0},"end":{"line":98,"column":12}},"99":{"start":{"line":100,"column":0},"end":{"line":100,"column":12}},"100":{"start":{"line":101,"column":0},"end":{"line":101,"column":52}},"102":{"start":{"line":103,"column":0},"end":{"line":103,"column":3}},"104":{"start":{"line":105,"column":0},"end":{"line":105,"column":23}},"106":{"start":{"line":107,"column":0},"end":{"line":107,"column":16}},"109":{"start":{"line":110,"column":0},"end":{"line":110,"column":1}},"123":{"start":{"line":124,"column":0},"end":{"line":124,"column":34}},"124":{"start":{"line":125,"column":0},"end":{"line":125,"column":25}},"125":{"start":{"line":126,"column":0},"end":{"line":126,"column":60}},"126":{"start":{"line":127,"column":0},"end":{"line":127,"column":33}},"128":{"start":{"line":129,"column":0},"end":{"line":129,"column":54}},"129":{"start":{"line":130,"column":0},"end":{"line":130,"column":35}},"130":{"start":{"line":131,"column":0},"end":{"line":131,"column":6}},"131":{"start":{"line":132,"column":0},"end":{"line":132,"column":1}},"147":{"start":{"line":148,"column":0},"end":{"line":148,"column":33}},"148":{"start":{"line":149,"column":0},"end":{"line":149,"column":18}},"149":{"start":{"line":150,"column":0},"end":{"line":150,"column":25}},"150":{"start":{"line":151,"column":0},"end":{"line":151,"column":41}},"151":{"start":{"line":152,"column":0},"end":{"line":152,"column":36}},"152":{"start":{"line":153,"column":0},"end":{"line":153,"column":68}},"155":{"start":{"line":156,"column":0},"end":{"line":156,"column":60}},"157":{"start":{"line":158,"column":0},"end":{"line":158,"column":42}},"158":{"start":{"line":159,"column":0},"end":{"line":159,"column":24}},"159":{"start":{"line":160,"column":0},"end":{"line":160,"column":22}},"160":{"start":{"line":161,"column":0},"end":{"line":161,"column":5}},"163":{"start":{"line":164,"column":0},"end":{"line":164,"column":54}},"166":{"start":{"line":167,"column":0},"end":{"line":167,"column":52}},"167":{"start":{"line":168,"column":0},"end":{"line":168,"column":15}},"168":{"start":{"line":169,"column":0},"end":{"line":169,"column":26}},"169":{"start":{"line":170,"column":0},"end":{"line":170,"column":51}},"170":{"start":{"line":171,"column":0},"end":{"line":171,"column":6}},"171":{"start":{"line":172,"column":0},"end":{"line":172,"column":5}},"174":{"start":{"line":175,"column":0},"end":{"line":175,"column":37}},"175":{"start":{"line":176,"column":0},"end":{"line":176,"column":29}},"176":{"start":{"line":177,"column":0},"end":{"line":177,"column":11}},"177":{"start":{"line":178,"column":0},"end":{"line":178,"column":50}},"178":{"start":{"line":179,"column":0},"end":{"line":179,"column":36}},"179":{"start":{"line":180,"column":0},"end":{"line":180,"column":21}},"180":{"start":{"line":181,"column":0},"end":{"line":181,"column":37}},"181":{"start":{"line":182,"column":0},"end":{"line":182,"column":11}},"182":{"start":{"line":183,"column":0},"end":{"line":183,"column":9}},"183":{"start":{"line":184,"column":0},"end":{"line":184,"column":27}},"184":{"start":{"line":185,"column":0},"end":{"line":185,"column":23}},"185":{"start":{"line":186,"column":0},"end":{"line":186,"column":32}},"186":{"start":{"line":187,"column":0},"end":{"line":187,"column":7}},"187":{"start":{"line":188,"column":0},"end":{"line":188,"column":6}},"188":{"start":{"line":189,"column":0},"end":{"line":189,"column":5}},"189":{"start":{"line":190,"column":0},"end":{"line":190,"column":1}},"203":{"start":{"line":204,"column":0},"end":{"line":204,"column":39}},"204":{"start":{"line":205,"column":0},"end":{"line":205,"column":19}},"205":{"start":{"line":206,"column":0},"end":{"line":206,"column":41}},"206":{"start":{"line":207,"column":0},"end":{"line":207,"column":20}},"207":{"start":{"line":208,"column":0},"end":{"line":208,"column":68}},"210":{"start":{"line":211,"column":0},"end":{"line":211,"column":38}},"211":{"start":{"line":212,"column":0},"end":{"line":212,"column":21}},"212":{"start":{"line":213,"column":0},"end":{"line":213,"column":86}},"213":{"start":{"line":214,"column":0},"end":{"line":214,"column":3}},"215":{"start":{"line":216,"column":0},"end":{"line":216,"column":42}},"216":{"start":{"line":217,"column":0},"end":{"line":217,"column":24}},"217":{"start":{"line":218,"column":0},"end":{"line":218,"column":55}},"218":{"start":{"line":219,"column":0},"end":{"line":219,"column":5}},"220":{"start":{"line":221,"column":0},"end":{"line":221,"column":55}},"221":{"start":{"line":222,"column":0},"end":{"line":222,"column":53}},"223":{"start":{"line":224,"column":0},"end":{"line":224,"column":32}},"224":{"start":{"line":225,"column":0},"end":{"line":225,"column":1}}},"s":{"12":1,"14":1,"19":1,"36":1,"38":11,"68":11,"69":8,"72":8,"74":3,"77":3,"78":3,"79":11,"80":1,"82":1,"84":11,"85":1,"87":1,"89":11,"90":0,"92":0,"94":11,"95":1,"97":1,"99":11,"100":0,"102":11,"104":3,"106":3,"109":3,"123":1,"124":10,"125":10,"126":10,"128":12,"129":12,"130":10,"131":10,"147":3,"148":3,"149":3,"150":3,"151":3,"152":3,"155":3,"157":3,"158":3,"159":3,"160":3,"163":3,"166":3,"167":3,"168":3,"169":3,"170":3,"171":3,"174":3,"175":3,"176":3,"177":3,"178":6,"179":6,"180":6,"181":6,"182":6,"183":3,"184":3,"185":0,"186":0,"187":3,"188":3,"189":3,"203":2,"204":2,"205":2,"206":2,"207":2,"210":2,"211":2,"212":0,"213":0,"215":2,"216":2,"217":2,"218":2,"220":2,"221":2,"223":2,"224":2},"branchMap":{"0":{"type":"branch","line":37,"loc":{"start":{"line":37,"column":7},"end":{"line":110,"column":1}},"locations":[{"start":{"line":37,"column":7},"end":{"line":110,"column":1}}]},"1":{"type":"branch","line":69,"loc":{"start":{"line":69,"column":21},"end":{"line":73,"column":3}},"locations":[{"start":{"line":69,"column":21},"end":{"line":73,"column":3}}]},"2":{"type":"branch","line":73,"loc":{"start":{"line":73,"column":2},"end":{"line":79,"column":18}},"locations":[{"start":{"line":73,"column":2},"end":{"line":79,"column":18}}]},"3":{"type":"branch","line":80,"loc":{"start":{"line":80,"column":4},"end":{"line":83,"column":12}},"locations":[{"start":{"line":80,"column":4},"end":{"line":83,"column":12}}]},"4":{"type":"branch","line":85,"loc":{"start":{"line":85,"column":4},"end":{"line":88,"column":12}},"locations":[{"start":{"line":85,"column":4},"end":{"line":88,"column":12}}]},"5":{"type":"branch","line":90,"loc":{"start":{"line":90,"column":4},"end":{"line":93,"column":12}},"locations":[{"start":{"line":90,"column":4},"end":{"line":93,"column":12}}]},"6":{"type":"branch","line":95,"loc":{"start":{"line":95,"column":4},"end":{"line":98,"column":12}},"locations":[{"start":{"line":95,"column":4},"end":{"line":98,"column":12}}]},"7":{"type":"branch","line":100,"loc":{"start":{"line":100,"column":4},"end":{"line":101,"column":52}},"locations":[{"start":{"line":100,"column":4},"end":{"line":101,"column":52}}]},"8":{"type":"branch","line":103,"loc":{"start":{"line":103,"column":2},"end":{"line":110,"column":1}},"locations":[{"start":{"line":103,"column":2},"end":{"line":110,"column":1}}]},"9":{"type":"branch","line":124,"loc":{"start":{"line":124,"column":7},"end":{"line":132,"column":1}},"locations":[{"start":{"line":124,"column":7},"end":{"line":132,"column":1}}]},"10":{"type":"branch","line":127,"loc":{"start":{"line":127,"column":22},"end":{"line":131,"column":4}},"locations":[{"start":{"line":127,"column":22},"end":{"line":131,"column":4}}]},"11":{"type":"branch","line":129,"loc":{"start":{"line":129,"column":23},"end":{"line":129,"column":47}},"locations":[{"start":{"line":129,"column":23},"end":{"line":129,"column":47}}]},"12":{"type":"branch","line":129,"loc":{"start":{"line":129,"column":37},"end":{"line":129,"column":54}},"locations":[{"start":{"line":129,"column":37},"end":{"line":129,"column":54}}]},"13":{"type":"branch","line":148,"loc":{"start":{"line":148,"column":0},"end":{"line":190,"column":1}},"locations":[{"start":{"line":148,"column":0},"end":{"line":190,"column":1}}]},"14":{"type":"branch","line":176,"loc":{"start":{"line":176,"column":4},"end":{"line":188,"column":6}},"locations":[{"start":{"line":176,"column":4},"end":{"line":188,"column":6}}]},"15":{"type":"branch","line":178,"loc":{"start":{"line":178,"column":49},"end":{"line":183,"column":9}},"locations":[{"start":{"line":178,"column":49},"end":{"line":183,"column":9}}]},"16":{"type":"branch","line":185,"loc":{"start":{"line":185,"column":6},"end":{"line":187,"column":7}},"locations":[{"start":{"line":185,"column":6},"end":{"line":187,"column":7}}]},"17":{"type":"branch","line":204,"loc":{"start":{"line":204,"column":0},"end":{"line":225,"column":1}},"locations":[{"start":{"line":204,"column":0},"end":{"line":225,"column":1}}]},"18":{"type":"branch","line":212,"loc":{"start":{"line":212,"column":20},"end":{"line":214,"column":3}},"locations":[{"start":{"line":212,"column":20},"end":{"line":214,"column":3}}]}},"b":{"0":[11],"1":[8],"2":[3],"3":[1],"4":[1],"5":[0],"6":[1],"7":[0],"8":[3],"9":[10],"10":[12],"11":[5],"12":[7],"13":[3],"14":[3],"15":[6],"16":[0],"17":[2],"18":[0]},"fnMap":{"0":{"name":"buildSystemPrompt","decl":{"start":{"line":37,"column":7},"end":{"line":110,"column":1}},"loc":{"start":{"line":37,"column":7},"end":{"line":110,"column":1}},"line":37},"1":{"name":"formatChatHistory","decl":{"start":{"line":124,"column":7},"end":{"line":132,"column":1}},"loc":{"start":{"line":124,"column":7},"end":{"line":132,"column":1}},"line":124},"2":{"name":"chatStream","decl":{"start":{"line":148,"column":0},"end":{"line":190,"column":1}},"loc":{"start":{"line":148,"column":0},"end":{"line":190,"column":1}},"line":148},"3":{"name":"start","decl":{"start":{"line":176,"column":4},"end":{"line":188,"column":6}},"loc":{"start":{"line":176,"column":4},"end":{"line":188,"column":6}},"line":176},"4":{"name":"generateGreeting","decl":{"start":{"line":204,"column":0},"end":{"line":225,"column":1}},"loc":{"start":{"line":204,"column":0},"end":{"line":225,"column":1}},"line":204}},"f":{"0":11,"1":10,"2":3,"3":3,"4":2}}
,"/Users/fishtv/Development/6-產品/摩托斯MOLTOS/lib/gmail.ts": {"path":"/Users/fishtv/Development/6-產品/摩托斯MOLTOS/lib/gmail.ts","all":false,"statementMap":{"10":{"start":{"line":11,"column":0},"end":{"line":11,"column":36}},"15":{"start":{"line":16,"column":0},"end":{"line":16,"column":28}},"16":{"start":{"line":17,"column":0},"end":{"line":17,"column":25}},"19":{"start":{"line":20,"column":0},"end":{"line":20,"column":22}},"22":{"start":{"line":23,"column":0},"end":{"line":23,"column":24}},"29":{"start":{"line":30,"column":0},"end":{"line":30,"column":45}},"30":{"start":{"line":31,"column":0},"end":{"line":31,"column":59}},"31":{"start":{"line":32,"column":0},"end":{"line":32,"column":1}},"38":{"start":{"line":39,"column":0},"end":{"line":39,"column":48}},"39":{"start":{"line":40,"column":0},"end":{"line":40,"column":32}},"40":{"start":{"line":41,"column":0},"end":{"line":41,"column":25}},"41":{"start":{"line":42,"column":0},"end":{"line":42,"column":21}},"42":{"start":{"line":43,"column":0},"end":{"line":43,"column":1}},"51":{"start":{"line":52,"column":0},"end":{"line":52,"column":85}},"53":{"start":{"line":54,"column":0},"end":{"line":54,"column":40}},"54":{"start":{"line":55,"column":0},"end":{"line":55,"column":53}},"56":{"start":{"line":57,"column":0},"end":{"line":57,"column":54}},"59":{"start":{"line":60,"column":0},"end":{"line":60,"column":32}},"60":{"start":{"line":61,"column":0},"end":{"line":61,"column":56}},"62":{"start":{"line":63,"column":0},"end":{"line":63,"column":153}},"65":{"start":{"line":66,"column":0},"end":{"line":66,"column":56}},"66":{"start":{"line":67,"column":0},"end":{"line":67,"column":17}},"67":{"start":{"line":68,"column":0},"end":{"line":68,"column":28}},"68":{"start":{"line":69,"column":0},"end":{"line":69,"column":28}},"69":{"start":{"line":70,"column":0},"end":{"line":70,"column":5}},"71":{"start":{"line":72,"column":0},"end":{"line":72,"column":54}},"74":{"start":{"line":75,"column":0},"end":{"line":75,"column":32}},"75":{"start":{"line":76,"column":0},"end":{"line":76,"column":12}},"76":{"start":{"line":77,"column":0},"end":{"line":77,"column":22}},"77":{"start":{"line":78,"column":0},"end":{"line":78,"column":25}},"78":{"start":{"line":79,"column":0},"end":{"line":79,"column":24}},"79":{"start":{"line":80,"column":0},"end":{"line":80,"column":23}},"80":{"start":{"line":81,"column":0},"end":{"line":81,"column":22}},"81":{"start":{"line":82,"column":0},"end":{"line":82,"column":30}},"82":{"start":{"line":83,"column":0},"end":{"line":83,"column":6}},"83":{"start":{"line":84,"column":0},"end":{"line":84,"column":3}},"87":{"start":{"line":88,"column":0},"end":{"line":88,"column":43}},"88":{"start":{"line":89,"column":0},"end":{"line":89,"column":27}},"89":{"start":{"line":90,"column":0},"end":{"line":90,"column":32}},"90":{"start":{"line":91,"column":0},"end":{"line":91,"column":21}},"91":{"start":{"line":92,"column":0},"end":{"line":92,"column":20}},"92":{"start":{"line":93,"column":0},"end":{"line":93,"column":27}},"93":{"start":{"line":94,"column":0},"end":{"line":94,"column":63}},"94":{"start":{"line":95,"column":0},"end":{"line":95,"column":8}},"95":{"start":{"line":96,"column":0},"end":{"line":96,"column":5}},"96":{"start":{"line":97,"column":0},"end":{"line":97,"column":4}},"101":{"start":{"line":102,"column":0},"end":{"line":102,"column":50}},"103":{"start":{"line":104,"column":0},"end":{"line":104,"column":51}},"105":{"start":{"line":106,"column":0},"end":{"line":106,"column":53}},"107":{"start":{"line":108,"column":0},"end":{"line":108,"column":45}},"109":{"start":{"line":110,"column":0},"end":{"line":110,"column":40}},"110":{"start":{"line":111,"column":0},"end":{"line":111,"column":28}},"111":{"start":{"line":112,"column":0},"end":{"line":112,"column":44}},"113":{"start":{"line":114,"column":0},"end":{"line":114,"column":47}},"114":{"start":{"line":115,"column":0},"end":{"line":115,"column":41}},"115":{"start":{"line":116,"column":0},"end":{"line":116,"column":48}},"118":{"start":{"line":119,"column":0},"end":{"line":119,"column":68}},"121":{"start":{"line":122,"column":0},"end":{"line":122,"column":40}},"122":{"start":{"line":123,"column":0},"end":{"line":123,"column":38}},"123":{"start":{"line":124,"column":0},"end":{"line":124,"column":72}},"124":{"start":{"line":125,"column":0},"end":{"line":125,"column":5}},"127":{"start":{"line":128,"column":0},"end":{"line":128,"column":28}},"128":{"start":{"line":129,"column":0},"end":{"line":129,"column":76}},"129":{"start":{"line":130,"column":0},"end":{"line":130,"column":5}},"136":{"start":{"line":137,"column":0},"end":{"line":137,"column":47}},"137":{"start":{"line":138,"column":0},"end":{"line":138,"column":80}},"138":{"start":{"line":139,"column":0},"end":{"line":139,"column":21}},"141":{"start":{"line":142,"column":0},"end":{"line":142,"column":31}},"142":{"start":{"line":143,"column":0},"end":{"line":143,"column":26}},"143":{"start":{"line":144,"column":0},"end":{"line":144,"column":38}},"144":{"start":{"line":145,"column":0},"end":{"line":145,"column":9}},"145":{"start":{"line":146,"column":0},"end":{"line":146,"column":5}},"146":{"start":{"line":147,"column":0},"end":{"line":147,"column":3}},"150":{"start":{"line":151,"column":0},"end":{"line":151,"column":84}},"152":{"start":{"line":153,"column":0},"end":{"line":153,"column":70}},"153":{"start":{"line":154,"column":0},"end":{"line":154,"column":56}},"154":{"start":{"line":155,"column":0},"end":{"line":155,"column":27}},"156":{"start":{"line":157,"column":0},"end":{"line":157,"column":72}},"157":{"start":{"line":158,"column":0},"end":{"line":158,"column":56}},"158":{"start":{"line":159,"column":0},"end":{"line":159,"column":27}},"160":{"start":{"line":161,"column":0},"end":{"line":161,"column":75}},"161":{"start":{"line":162,"column":0},"end":{"line":162,"column":56}},"162":{"start":{"line":163,"column":0},"end":{"line":163,"column":27}},"164":{"start":{"line":165,"column":0},"end":{"line":165,"column":79}},"167":{"start":{"line":168,"column":0},"end":{"line":168,"column":42}},"169":{"start":{"line":170,"column":0},"end":{"line":170,"column":10}},"170":{"start":{"line":171,"column":0},"end":{"line":171,"column":16}},"171":{"start":{"line":172,"column":0},"end":{"line":172,"column":19}},"172":{"start":{"line":173,"column":0},"end":{"line":173,"column":18}},"173":{"start":{"line":174,"column":0},"end":{"line":174,"column":17}},"174":{"start":{"line":175,"column":0},"end":{"line":175,"column":17}},"175":{"start":{"line":176,"column":0},"end":{"line":176,"column":28}},"176":{"start":{"line":177,"column":0},"end":{"line":177,"column":4}},"177":{"start":{"line":178,"column":0},"end":{"line":178,"column":1}}},"s":{"10":1,"15":1,"16":1,"19":1,"22":1,"29":8,"30":8,"31":8,"38":8,"39":8,"40":8,"41":8,"42":8,"51":3,"53":3,"54":3,"56":3,"59":3,"60":3,"62":3,"65":3,"66":3,"67":3,"68":3,"69":3,"71":3,"74":3,"75":1,"76":1,"77":1,"78":1,"79":1,"80":1,"81":1,"82":1,"83":1,"87":2,"88":2,"89":8,"90":8,"91":8,"92":8,"93":8,"94":8,"95":2,"96":2,"101":2,"103":2,"105":2,"107":2,"109":3,"110":8,"111":8,"113":8,"114":8,"115":8,"118":8,"121":8,"122":8,"123":1,"124":1,"127":8,"128":1,"129":1,"136":8,"137":8,"138":8,"141":1,"142":1,"143":1,"144":1,"145":1,"146":8,"150":2,"152":2,"153":2,"154":2,"156":2,"157":2,"158":2,"160":2,"161":2,"162":2,"164":2,"167":2,"169":2,"170":2,"171":2,"172":2,"173":2,"174":2,"175":2,"176":2,"177":2},"branchMap":{"0":{"type":"branch","line":30,"loc":{"start":{"line":30,"column":0},"end":{"line":32,"column":1}},"locations":[{"start":{"line":30,"column":0},"end":{"line":32,"column":1}}]},"1":{"type":"branch","line":39,"loc":{"start":{"line":39,"column":0},"end":{"line":43,"column":1}},"locations":[{"start":{"line":39,"column":0},"end":{"line":43,"column":1}}]},"2":{"type":"branch","line":52,"loc":{"start":{"line":52,"column":0},"end":{"line":178,"column":1}},"locations":[{"start":{"line":52,"column":0},"end":{"line":178,"column":1}}]},"3":{"type":"branch","line":72,"loc":{"start":{"line":72,"column":39},"end":{"line":72,"column":54}},"locations":[{"start":{"line":72,"column":39},"end":{"line":72,"column":54}}]},"4":{"type":"branch","line":75,"loc":{"start":{"line":75,"column":31},"end":{"line":84,"column":3}},"locations":[{"start":{"line":75,"column":31},"end":{"line":84,"column":3}}]},"5":{"type":"branch","line":84,"loc":{"start":{"line":84,"column":2},"end":{"line":110,"column":39}},"locations":[{"start":{"line":84,"column":2},"end":{"line":110,"column":39}}]},"6":{"type":"branch","line":110,"loc":{"start":{"line":110,"column":39},"end":{"line":147,"column":3}},"locations":[{"start":{"line":110,"column":39},"end":{"line":147,"column":3}}]},"7":{"type":"branch","line":112,"loc":{"start":{"line":112,"column":35},"end":{"line":112,"column":44}},"locations":[{"start":{"line":112,"column":35},"end":{"line":112,"column":44}}]},"8":{"type":"branch","line":119,"loc":{"start":{"line":119,"column":55},"end":{"line":119,"column":65}},"locations":[{"start":{"line":119,"column":55},"end":{"line":119,"column":65}}]},"9":{"type":"branch","line":122,"loc":{"start":{"line":122,"column":25},"end":{"line":122,"column":40}},"locations":[{"start":{"line":122,"column":25},"end":{"line":122,"column":40}}]},"10":{"type":"branch","line":123,"loc":{"start":{"line":123,"column":37},"end":{"line":125,"column":5}},"locations":[{"start":{"line":123,"column":37},"end":{"line":125,"column":5}}]},"11":{"type":"branch","line":128,"loc":{"start":{"line":128,"column":27},"end":{"line":130,"column":5}},"locations":[{"start":{"line":128,"column":27},"end":{"line":130,"column":5}}]},"12":{"type":"branch","line":137,"loc":{"start":{"line":137,"column":33},"end":{"line":137,"column":47}},"locations":[{"start":{"line":137,"column":33},"end":{"line":137,"column":47}}]},"13":{"type":"branch","line":139,"loc":{"start":{"line":139,"column":20},"end":{"line":146,"column":5}},"locations":[{"start":{"line":139,"column":20},"end":{"line":146,"column":5}}]},"14":{"type":"branch","line":147,"loc":{"start":{"line":147,"column":2},"end":{"line":178,"column":1}},"locations":[{"start":{"line":147,"column":2},"end":{"line":178,"column":1}}]},"15":{"type":"branch","line":89,"loc":{"start":{"line":89,"column":19},"end":{"line":95,"column":8}},"locations":[{"start":{"line":89,"column":19},"end":{"line":95,"column":8}}]},"16":{"type":"branch","line":138,"loc":{"start":{"line":138,"column":36},"end":{"line":138,"column":78}},"locations":[{"start":{"line":138,"column":36},"end":{"line":138,"column":78}}]},"17":{"type":"branch","line":138,"loc":{"start":{"line":138,"column":54},"end":{"line":138,"column":78}},"locations":[{"start":{"line":138,"column":54},"end":{"line":138,"column":78}}]},"18":{"type":"branch","line":151,"loc":{"start":{"line":151,"column":26},"end":{"line":151,"column":84}},"locations":[{"start":{"line":151,"column":26},"end":{"line":151,"column":84}}]},"19":{"type":"branch","line":154,"loc":{"start":{"line":154,"column":9},"end":{"line":154,"column":55}},"locations":[{"start":{"line":154,"column":9},"end":{"line":154,"column":55}}]},"20":{"type":"branch","line":158,"loc":{"start":{"line":158,"column":9},"end":{"line":158,"column":55}},"locations":[{"start":{"line":158,"column":9},"end":{"line":158,"column":55}}]},"21":{"type":"branch","line":162,"loc":{"start":{"line":162,"column":9},"end":{"line":162,"column":55}},"locations":[{"start":{"line":162,"column":9},"end":{"line":162,"column":55}}]}},"b":{"0":[8],"1":[8],"2":[3],"3":[0],"4":[1],"5":[2],"6":[8],"7":[0],"8":[3],"9":[0],"10":[1],"11":[1],"12":[0],"13":[1],"14":[2],"15":[8],"16":[12],"17":[1],"18":[1],"19":[3],"20":[1],"21":[1]},"fnMap":{"0":{"name":"isNightHour","decl":{"start":{"line":30,"column":0},"end":{"line":32,"column":1}},"loc":{"start":{"line":30,"column":0},"end":{"line":32,"column":1}},"line":30},"1":{"name":"toDayStart","decl":{"start":{"line":39,"column":0},"end":{"line":43,"column":1}},"loc":{"start":{"line":39,"column":0},"end":{"line":43,"column":1}},"line":39},"2":{"name":"fetchGmailMetrics","decl":{"start":{"line":52,"column":0},"end":{"line":178,"column":1}},"loc":{"start":{"line":52,"column":0},"end":{"line":178,"column":1}},"line":52},"3":{"name":"sortByTimestamp","decl":{"start":{"line":151,"column":26},"end":{"line":151,"column":84}},"loc":{"start":{"line":151,"column":26},"end":{"line":151,"column":84}},"line":151}},"f":{"0":8,"1":8,"2":3,"3":1}}
,"/Users/fishtv/Development/6-產品/摩托斯MOLTOS/lib/proactive-checkin.ts": {"path":"/Users/fishtv/Development/6-產品/摩托斯MOLTOS/lib/proactive-checkin.ts","all":false,"statementMap":{"13":{"start":{"line":14,"column":0},"end":{"line":14,"column":34}},"14":{"start":{"line":15,"column":0},"end":{"line":15,"column":74}},"22":{"start":{"line":23,"column":0},"end":{"line":23,"column":73}},"23":{"start":{"line":24,"column":0},"end":{"line":24,"column":46}},"24":{"start":{"line":25,"column":0},"end":{"line":25,"column":64}},"25":{"start":{"line":26,"column":0},"end":{"line":26,"column":1}},"38":{"start":{"line":39,"column":0},"end":{"line":39,"column":38}},"39":{"start":{"line":40,"column":0},"end":{"line":40,"column":19}},"40":{"start":{"line":41,"column":0},"end":{"line":41,"column":17}},"41":{"start":{"line":42,"column":0},"end":{"line":42,"column":16}},"42":{"start":{"line":43,"column":0},"end":{"line":43,"column":11}},"43":{"start":{"line":44,"column":0},"end":{"line":44,"column":37}},"44":{"start":{"line":45,"column":0},"end":{"line":45,"column":89}},"45":{"start":{"line":46,"column":0},"end":{"line":46,"column":3}},"47":{"start":{"line":48,"column":0},"end":{"line":48,"column":53}},"48":{"start":{"line":49,"column":0},"end":{"line":49,"column":1}}},"s":{"13":1,"14":1,"22":1,"23":8,"24":7,"25":7,"38":1,"39":6,"40":6,"41":6,"42":6,"43":6,"44":5,"45":5,"47":1,"48":1},"branchMap":{"0":{"type":"branch","line":23,"loc":{"start":{"line":23,"column":7},"end":{"line":26,"column":1}},"locations":[{"start":{"line":23,"column":7},"end":{"line":26,"column":1}}]},"1":{"type":"branch","line":24,"loc":{"start":{"line":24,"column":34},"end":{"line":24,"column":46}},"locations":[{"start":{"line":24,"column":34},"end":{"line":24,"column":46}}]},"2":{"type":"branch","line":24,"loc":{"start":{"line":24,"column":41},"end":{"line":26,"column":1}},"locations":[{"start":{"line":24,"column":41},"end":{"line":26,"column":1}}]},"3":{"type":"branch","line":39,"loc":{"start":{"line":39,"column":7},"end":{"line":49,"column":1}},"locations":[{"start":{"line":39,"column":7},"end":{"line":49,"column":1}}]},"4":{"type":"branch","line":44,"loc":{"start":{"line":44,"column":6},"end":{"line":44,"column":36}},"locations":[{"start":{"line":44,"column":6},"end":{"line":44,"column":36}}]},"5":{"type":"branch","line":44,"loc":{"start":{"line":44,"column":36},"end":{"line":46,"column":3}},"locations":[{"start":{"line":44,"column":36},"end":{"line":46,"column":3}}]},"6":{"type":"branch","line":46,"loc":{"start":{"line":46,"column":2},"end":{"line":49,"column":1}},"locations":[{"start":{"line":46,"column":2},"end":{"line":49,"column":1}}]}},"b":{"0":[8],"1":[1],"2":[7],"3":[6],"4":[5],"5":[5],"6":[1]},"fnMap":{"0":{"name":"isSilentUser","decl":{"start":{"line":23,"column":7},"end":{"line":26,"column":1}},"loc":{"start":{"line":23,"column":7},"end":{"line":26,"column":1}},"line":23},"1":{"name":"buildProactiveMessage","decl":{"start":{"line":39,"column":7},"end":{"line":49,"column":1}},"loc":{"start":{"line":39,"column":7},"end":{"line":49,"column":1}},"line":39}},"f":{"0":8,"1":6}}
,"/Users/fishtv/Development/6-產品/摩托斯MOLTOS/lib/youtube.ts": {"path":"/Users/fishtv/Development/6-產品/摩托斯MOLTOS/lib/youtube.ts","all":false,"statementMap":{"13":{"start":{"line":14,"column":0},"end":{"line":14,"column":36}},"14":{"start":{"line":15,"column":0},"end":{"line":15,"column":59}},"15":{"start":{"line":16,"column":0},"end":{"line":16,"column":49}},"19":{"start":{"line":20,"column":0},"end":{"line":20,"column":40}},"22":{"start":{"line":23,"column":0},"end":{"line":23,"column":29}},"25":{"start":{"line":26,"column":0},"end":{"line":26,"column":29}},"34":{"start":{"line":35,"column":0},"end":{"line":35,"column":40}},"35":{"start":{"line":36,"column":0},"end":{"line":36,"column":22}},"36":{"start":{"line":37,"column":0},"end":{"line":37,"column":20}},"37":{"start":{"line":38,"column":0},"end":{"line":38,"column":28}},"39":{"start":{"line":40,"column":0},"end":{"line":40,"column":40}},"40":{"start":{"line":41,"column":0},"end":{"line":41,"column":53}},"42":{"start":{"line":43,"column":0},"end":{"line":43,"column":58}},"45":{"start":{"line":46,"column":0},"end":{"line":46,"column":66}},"46":{"start":{"line":47,"column":0},"end":{"line":47,"column":22}},"47":{"start":{"line":48,"column":0},"end":{"line":48,"column":15}},"48":{"start":{"line":49,"column":0},"end":{"line":49,"column":34}},"49":{"start":{"line":50,"column":0},"end":{"line":50,"column":5}},"51":{"start":{"line":52,"column":0},"end":{"line":52,"column":67}},"54":{"start":{"line":55,"column":0},"end":{"line":55,"column":39}},"55":{"start":{"line":56,"column":0},"end":{"line":56,"column":14}},"56":{"start":{"line":57,"column":0},"end":{"line":57,"column":3}},"59":{"start":{"line":60,"column":0},"end":{"line":60,"column":48}},"60":{"start":{"line":61,"column":0},"end":{"line":61,"column":55}},"61":{"start":{"line":62,"column":0},"end":{"line":62,"column":40}},"63":{"start":{"line":64,"column":0},"end":{"line":64,"column":32}},"64":{"start":{"line":65,"column":0},"end":{"line":65,"column":14}},"65":{"start":{"line":66,"column":0},"end":{"line":66,"column":3}},"68":{"start":{"line":69,"column":0},"end":{"line":69,"column":64}},"70":{"start":{"line":71,"column":0},"end":{"line":71,"column":39}},"72":{"start":{"line":73,"column":0},"end":{"line":73,"column":40}},"75":{"start":{"line":76,"column":0},"end":{"line":76,"column":58}},"76":{"start":{"line":77,"column":0},"end":{"line":77,"column":42}},"77":{"start":{"line":78,"column":0},"end":{"line":78,"column":22}},"78":{"start":{"line":79,"column":0},"end":{"line":79,"column":7}},"80":{"start":{"line":81,"column":0},"end":{"line":81,"column":57}},"81":{"start":{"line":82,"column":0},"end":{"line":82,"column":85}},"83":{"start":{"line":84,"column":0},"end":{"line":84,"column":37}},"86":{"start":{"line":87,"column":0},"end":{"line":87,"column":68}},"87":{"start":{"line":88,"column":0},"end":{"line":88,"column":24}},"88":{"start":{"line":89,"column":0},"end":{"line":89,"column":36}},"89":{"start":{"line":90,"column":0},"end":{"line":90,"column":37}},"90":{"start":{"line":91,"column":0},"end":{"line":91,"column":7}},"92":{"start":{"line":93,"column":0},"end":{"line":93,"column":65}},"94":{"start":{"line":95,"column":0},"end":{"line":95,"column":47}},"95":{"start":{"line":96,"column":0},"end":{"line":96,"column":64}},"96":{"start":{"line":97,"column":0},"end":{"line":97,"column":20}},"97":{"start":{"line":98,"column":0},"end":{"line":98,"column":46}},"98":{"start":{"line":99,"column":0},"end":{"line":99,"column":7}},"99":{"start":{"line":100,"column":0},"end":{"line":100,"column":5}},"100":{"start":{"line":101,"column":0},"end":{"line":101,"column":3}},"103":{"start":{"line":104,"column":0},"end":{"line":104,"column":51}},"105":{"start":{"line":106,"column":0},"end":{"line":106,"column":37}},"106":{"start":{"line":107,"column":0},"end":{"line":107,"column":14}},"107":{"start":{"line":108,"column":0},"end":{"line":108,"column":3}},"110":{"start":{"line":111,"column":0},"end":{"line":111,"column":44}},"113":{"start":{"line":114,"column":0},"end":{"line":114,"column":68}},"114":{"start":{"line":115,"column":0},"end":{"line":115,"column":72}},"116":{"start":{"line":117,"column":0},"end":{"line":117,"column":46}},"118":{"start":{"line":119,"column":0},"end":{"line":119,"column":54}},"119":{"start":{"line":120,"column":0},"end":{"line":120,"column":24}},"120":{"start":{"line":121,"column":0},"end":{"line":121,"column":20}},"121":{"start":{"line":122,"column":0},"end":{"line":122,"column":7}},"123":{"start":{"line":124,"column":0},"end":{"line":124,"column":53}},"124":{"start":{"line":125,"column":0},"end":{"line":125,"column":51}},"126":{"start":{"line":127,"column":0},"end":{"line":127,"column":38}},"127":{"start":{"line":128,"column":0},"end":{"line":128,"column":38}},"128":{"start":{"line":129,"column":0},"end":{"line":129,"column":51}},"129":{"start":{"line":130,"column":0},"end":{"line":130,"column":50}},"130":{"start":{"line":131,"column":0},"end":{"line":131,"column":50}},"132":{"start":{"line":133,"column":0},"end":{"line":133,"column":63}},"133":{"start":{"line":134,"column":0},"end":{"line":134,"column":61}},"136":{"start":{"line":137,"column":0},"end":{"line":137,"column":36}},"137":{"start":{"line":138,"column":0},"end":{"line":138,"column":9}},"138":{"start":{"line":139,"column":0},"end":{"line":139,"column":55}},"139":{"start":{"line":140,"column":0},"end":{"line":140,"column":69}},"140":{"start":{"line":141,"column":0},"end":{"line":141,"column":45}},"141":{"start":{"line":142,"column":0},"end":{"line":142,"column":13}},"143":{"start":{"line":144,"column":0},"end":{"line":144,"column":26}},"144":{"start":{"line":145,"column":0},"end":{"line":145,"column":5}},"146":{"start":{"line":147,"column":0},"end":{"line":147,"column":25}},"147":{"start":{"line":148,"column":0},"end":{"line":148,"column":14}},"148":{"start":{"line":149,"column":0},"end":{"line":149,"column":12}},"149":{"start":{"line":150,"column":0},"end":{"line":150,"column":18}},"150":{"start":{"line":151,"column":0},"end":{"line":151,"column":19}},"151":{"start":{"line":152,"column":0},"end":{"line":152,"column":18}},"152":{"start":{"line":153,"column":0},"end":{"line":153,"column":14}},"153":{"start":{"line":154,"column":0},"end":{"line":154,"column":10}},"154":{"start":{"line":155,"column":0},"end":{"line":155,"column":7}},"155":{"start":{"line":156,"column":0},"end":{"line":156,"column":3}},"157":{"start":{"line":158,"column":0},"end":{"line":158,"column":24}},"158":{"start":{"line":159,"column":0},"end":{"line":159,"column":1}}},"s":{"13":1,"14":1,"15":1,"19":1,"22":1,"25":1,"34":7,"35":7,"36":7,"37":7,"39":7,"40":7,"42":7,"45":7,"46":7,"47":7,"48":7,"49":7,"51":7,"54":7,"55":2,"56":2,"59":5,"60":5,"61":5,"63":7,"64":0,"65":0,"68":5,"70":7,"72":7,"75":6,"76":6,"77":6,"78":6,"80":6,"81":7,"83":7,"86":6,"87":6,"88":6,"89":6,"90":6,"92":7,"94":7,"95":6,"96":6,"97":6,"98":6,"99":6,"100":6,"103":5,"105":7,"106":0,"107":0,"110":5,"113":5,"114":5,"116":7,"118":6,"119":6,"120":6,"121":6,"123":6,"124":6,"126":6,"127":6,"128":6,"129":6,"130":6,"132":6,"133":6,"136":6,"137":6,"138":6,"139":6,"140":5,"141":6,"143":1,"144":1,"146":6,"147":6,"148":6,"149":6,"150":6,"151":6,"152":6,"153":6,"154":6,"155":6,"157":5,"158":5},"branchMap":{"0":{"type":"branch","line":35,"loc":{"start":{"line":35,"column":0},"end":{"line":159,"column":1}},"locations":[{"start":{"line":35,"column":0},"end":{"line":159,"column":1}}]},"1":{"type":"branch","line":52,"loc":{"start":{"line":52,"column":55},"end":{"line":52,"column":67}},"locations":[{"start":{"line":52,"column":55},"end":{"line":52,"column":67}}]},"2":{"type":"branch","line":55,"loc":{"start":{"line":55,"column":38},"end":{"line":57,"column":3}},"locations":[{"start":{"line":55,"column":38},"end":{"line":57,"column":3}}]},"3":{"type":"branch","line":57,"loc":{"start":{"line":57,"column":2},"end":{"line":64,"column":31}},"locations":[{"start":{"line":57,"column":2},"end":{"line":64,"column":31}}]},"4":{"type":"branch","line":64,"loc":{"start":{"line":64,"column":31},"end":{"line":66,"column":3}},"locations":[{"start":{"line":64,"column":31},"end":{"line":66,"column":3}}]},"5":{"type":"branch","line":66,"loc":{"start":{"line":66,"column":2},"end":{"line":71,"column":38}},"locations":[{"start":{"line":66,"column":2},"end":{"line":71,"column":38}}]},"6":{"type":"branch","line":73,"loc":{"start":{"line":73,"column":34},"end":{"line":73,"column":40}},"locations":[{"start":{"line":73,"column":34},"end":{"line":73,"column":40}}]},"7":{"type":"branch","line":73,"loc":{"start":{"line":73,"column":34},"end":{"line":81,"column":57}},"locations":[{"start":{"line":73,"column":34},"end":{"line":81,"column":57}}]},"8":{"type":"branch","line":82,"loc":{"start":{"line":82,"column":30},"end":{"line":82,"column":85}},"locations":[{"start":{"line":82,"column":30},"end":{"line":82,"column":85}}]},"9":{"type":"branch","line":84,"loc":{"start":{"line":84,"column":28},"end":{"line":84,"column":37}},"locations":[{"start":{"line":84,"column":28},"end":{"line":84,"column":37}}]},"10":{"type":"branch","line":84,"loc":{"start":{"line":84,"column":28},"end":{"line":93,"column":62}},"locations":[{"start":{"line":84,"column":28},"end":{"line":93,"column":62}}]},"11":{"type":"branch","line":93,"loc":{"start":{"line":93,"column":53},"end":{"line":93,"column":65}},"locations":[{"start":{"line":93,"column":53},"end":{"line":93,"column":65}}]},"12":{"type":"branch","line":95,"loc":{"start":{"line":95,"column":46},"end":{"line":101,"column":3}},"locations":[{"start":{"line":95,"column":46},"end":{"line":101,"column":3}}]},"13":{"type":"branch","line":101,"loc":{"start":{"line":101,"column":2},"end":{"line":106,"column":36}},"locations":[{"start":{"line":101,"column":2},"end":{"line":106,"column":36}}]},"14":{"type":"branch","line":106,"loc":{"start":{"line":106,"column":36},"end":{"line":108,"column":3}},"locations":[{"start":{"line":106,"column":36},"end":{"line":108,"column":3}}]},"15":{"type":"branch","line":108,"loc":{"start":{"line":108,"column":2},"end":{"line":117,"column":45}},"locations":[{"start":{"line":108,"column":2},"end":{"line":117,"column":45}}]},"16":{"type":"branch","line":117,"loc":{"start":{"line":117,"column":45},"end":{"line":156,"column":3}},"locations":[{"start":{"line":117,"column":45},"end":{"line":156,"column":3}}]},"17":{"type":"branch","line":125,"loc":{"start":{"line":125,"column":42},"end":{"line":125,"column":51}},"locations":[{"start":{"line":125,"column":42},"end":{"line":125,"column":51}}]},"18":{"type":"branch","line":128,"loc":{"start":{"line":128,"column":26},"end":{"line":128,"column":38}},"locations":[{"start":{"line":128,"column":26},"end":{"line":128,"column":38}}]},"19":{"type":"branch","line":129,"loc":{"start":{"line":129,"column":32},"end":{"line":129,"column":51}},"locations":[{"start":{"line":129,"column":32},"end":{"line":129,"column":51}}]},"20":{"type":"branch","line":130,"loc":{"start":{"line":130,"column":32},"end":{"line":130,"column":50}},"locations":[{"start":{"line":130,"column":32},"end":{"line":130,"column":50}}]},"21":{"type":"branch","line":131,"loc":{"start":{"line":131,"column":32},"end":{"line":131,"column":50}},"locations":[{"start":{"line":131,"column":32},"end":{"line":131,"column":50}}]},"22":{"type":"branch","line":133,"loc":{"start":{"line":133,"column":53},"end":{"line":133,"column":63}},"locations":[{"start":{"line":133,"column":53},"end":{"line":133,"column":63}}]},"23":{"type":"branch","line":140,"loc":{"start":{"line":140,"column":67},"end":{"line":142,"column":12}},"locations":[{"start":{"line":140,"column":67},"end":{"line":142,"column":12}}]},"24":{"type":"branch","line":142,"loc":{"start":{"line":142,"column":4},"end":{"line":145,"column":5}},"locations":[{"start":{"line":142,"column":4},"end":{"line":145,"column":5}}]},"25":{"type":"branch","line":156,"loc":{"start":{"line":156,"column":2},"end":{"line":159,"column":1}},"locations":[{"start":{"line":156,"column":2},"end":{"line":159,"column":1}}]},"26":{"type":"branch","line":61,"loc":{"start":{"line":61,"column":9},"end":{"line":61,"column":54}},"locations":[{"start":{"line":61,"column":9},"end":{"line":61,"column":54}}]},"27":{"type":"branch","line":62,"loc":{"start":{"line":62,"column":12},"end":{"line":62,"column":38}},"locations":[{"start":{"line":62,"column":12},"end":{"line":62,"column":38}}]}},"b":{"0":[7],"1":[1],"2":[2],"3":[5],"4":[0],"5":[5],"6":[1],"7":[6],"8":[6],"9":[0],"10":[6],"11":[0],"12":[6],"13":[5],"14":[0],"15":[5],"16":[6],"17":[0],"18":[0],"19":[0],"20":[0],"21":[0],"22":[0],"23":[5],"24":[1],"25":[5],"26":[7],"27":[7]},"fnMap":{"0":{"name":"fetchLatestVideos","decl":{"start":{"line":35,"column":0},"end":{"line":159,"column":1}},"loc":{"start":{"line":35,"column":0},"end":{"line":159,"column":1}},"line":35}},"f":{"0":7}}
}
